[debug] [2023-01-11T14:43:29.427Z] ----------------------------------------------------------------------
[debug] [2023-01-11T14:43:29.428Z] Command:       C:\Program Files\nodejs\node.exe C:\Users\Hp\AppData\Roaming\npm\node_modules\firebase-tools\lib\bin\firebase.js init
[debug] [2023-01-11T14:43:29.429Z] CLI Version:   11.20.0
[debug] [2023-01-11T14:43:29.429Z] Platform:      win32
[debug] [2023-01-11T14:43:29.429Z] Node Version:  v14.18.1
[debug] [2023-01-11T14:43:29.430Z] Time:          Wed Jan 11 2023 19:43:29 GMT+0500 (Pakistan Standard Time)
[debug] [2023-01-11T14:43:29.430Z] ----------------------------------------------------------------------
[debug] 
[debug] [2023-01-11T14:43:29.435Z] > command requires scopes: ["email","openid","https://www.googleapis.com/auth/cloudplatformprojects.readonly","https://www.googleapis.com/auth/firebase","https://www.googleapis.com/auth/cloud-platform"]
[debug] [2023-01-11T14:43:29.435Z] > authorizing via signed-in user (shahalmovid@gmail.com)
[info] 
     ######## #### ########  ######## ########     ###     ######  ########
     ##        ##  ##     ## ##       ##     ##  ##   ##  ##       ##
     ######    ##  ########  ######   ########  #########  ######  ######
     ##        ##  ##    ##  ##       ##     ## ##     ##       ## ##
     ##       #### ##     ## ######## ########  ##     ##  ######  ########

You're about to initialize a Firebase project in this directory:

  D:\redux-based\frontend

[info] 
=== Project Setup
[info] 
[info] First, let's associate this project directory with a Firebase project.
[info] You can create multiple project aliases by running firebase use --add, 
[info] but for now we'll just set up a default project.
[info] 
[debug] [2023-01-11T14:44:02.380Z] > refreshing access token with scopes: []
[debug] [2023-01-11T14:44:02.382Z] >>> [apiv2][query] POST https://www.googleapis.com/oauth2/v3/token [none]
[debug] [2023-01-11T14:44:02.382Z] >>> [apiv2][body] POST https://www.googleapis.com/oauth2/v3/token [omitted]
[debug] [2023-01-11T14:44:02.798Z] <<< [apiv2][status] POST https://www.googleapis.com/oauth2/v3/token 200
[debug] [2023-01-11T14:44:02.798Z] <<< [apiv2][body] POST https://www.googleapis.com/oauth2/v3/token [omitted]
[debug] [2023-01-11T14:44:02.817Z] >>> [apiv2][query] GET https://firebase.googleapis.com/v1beta1/projects pageSize=100
[debug] [2023-01-11T14:44:03.834Z] <<< [apiv2][status] GET https://firebase.googleapis.com/v1beta1/projects 200
[debug] [2023-01-11T14:44:03.835Z] <<< [apiv2][body] GET https://firebase.googleapis.com/v1beta1/projects [omitted]
[info] i  Using project interfrontend (interfrontend) 
[info] 
=== Hosting Setup
[info] 
[info] Your public directory is the folder (relative to your project directory) that
[info] will contain Hosting assets to be uploaded with firebase deploy. If you
[info] have a build process for your assets, use your build's output directory.
[info] 
[debug] [2023-01-11T14:44:26.551Z] >>> [apiv2][query] GET https://www.gstatic.com/firebasejs/releases.json [none]
[debug] [2023-01-11T14:44:26.915Z] <<< [apiv2][status] GET https://www.gstatic.com/firebasejs/releases.json 200
[debug] [2023-01-11T14:44:26.916Z] <<< [apiv2][body] GET https://www.gstatic.com/firebasejs/releases.json {"current":{"version":"9.15.0","browserURL":"https://www.gstatic.com/firebasejs/9.15.0/firebase.js","packageURL":"https://www.gstatic.com/firebasejs/9.15.0/firebase.tgz"},"live":{"version":"9.15","browserURL":"https://www.gstatic.com/firebasejs/live/9.15/firebase.js","packageURL":"https://www.gstatic.com/firebasejs/live/9.15/firebase.tgz"},"components":{"analytics":"https://www.gstatic.com/firebasejs/9.15.0/firebase-analytics.js","app":"https://www.gstatic.com/firebasejs/9.15.0/firebase-app.js","app-check":"https://www.gstatic.com/firebasejs/9.15.0/firebase-app-check.js","auth":"https://www.gstatic.com/firebasejs/9.15.0/firebase-auth.js","auth/cordova":"https://www.gstatic.com/firebasejs/9.15.0/firebase-auth/cordova.js","auth/react-native":"https://www.gstatic.com/firebasejs/9.15.0/firebase-auth/react-native.js","functions":"https://www.gstatic.com/firebasejs/9.15.0/firebase-functions.js","firestore":"https://www.gstatic.com/firebasejs/9.15.0/firebase-firestore.js","firestore/lite":"https://www.gstatic.com/firebasejs/9.15.0/firebase-firestore/lite.js","installations":"https://www.gstatic.com/firebasejs/9.15.0/firebase-installations.js","storage":"https://www.gstatic.com/firebasejs/9.15.0/firebase-storage.js","performance":"https://www.gstatic.com/firebasejs/9.15.0/firebase-performance.js","remote-config":"https://www.gstatic.com/firebasejs/9.15.0/firebase-remote-config.js","messaging":"https://www.gstatic.com/firebasejs/9.15.0/firebase-messaging.js","messaging/sw":"https://www.gstatic.com/firebasejs/9.15.0/firebase-messaging/sw.js","database":"https://www.gstatic.com/firebasejs/9.15.0/firebase-database.js","firestore.memory":"https://www.gstatic.com/firebasejs/9.15.0/firebase-firestore.memory.js"}}
[info] +  Wrote y/index.html 
[info] 
[info] i  Detected a .git folder at D:\redux-based\frontend 
[info] i  Authorizing with GitHub to upload your service account to a GitHub repository's secrets store. 
[info] 
[info] Visit this URL on this device to log in:
[info] https://github.com/login/oauth/authorize?client_id=89cf50f02ac6aaed3484&state=556955926&redirect_uri=http%3A%2F%2Flocalhost%3A9005&scope=read%3Auser%20repo%20public_repo
[info] 
[info] Waiting for authentication...
[debug] [2023-01-11T14:44:32.132Z] >>> [apiv2][query] POST https://github.com/login/oauth/access_token [none]
[debug] [2023-01-11T14:44:32.132Z] >>> [apiv2][body] POST https://github.com/login/oauth/access_token [stream]
[debug] [2023-01-11T14:44:32.710Z] <<< [apiv2][status] POST https://github.com/login/oauth/access_token 200
[debug] [2023-01-11T14:44:32.710Z] <<< [apiv2][body] POST https://github.com/login/oauth/access_token {"access_token":"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","token_type":"bearer","scope":"read:user,repo"}
[debug] [2023-01-11T14:44:32.722Z] >>> [apiv2][query] GET https://api.github.com/user [none]
[debug] [2023-01-11T14:44:33.264Z] <<< [apiv2][status] GET https://api.github.com/user 200
[debug] [2023-01-11T14:44:33.264Z] <<< [apiv2][body] GET https://api.github.com/user {"login":"almovidhussaini","id":93880441,"node_id":"U_kgDOBZiAeQ","avatar_url":"https://avatars.githubusercontent.com/u/93880441?v=4","gravatar_id":"","url":"https://api.github.com/users/almovidhussaini","html_url":"https://github.com/almovidhussaini","followers_url":"https://api.github.com/users/almovidhussaini/followers","following_url":"https://api.github.com/users/almovidhussaini/following{/other_user}","gists_url":"https://api.github.com/users/almovidhussaini/gists{/gist_id}","starred_url":"https://api.github.com/users/almovidhussaini/starred{/owner}{/repo}","subscriptions_url":"https://api.github.com/users/almovidhussaini/subscriptions","organizations_url":"https://api.github.com/users/almovidhussaini/orgs","repos_url":"https://api.github.com/users/almovidhussaini/repos","events_url":"https://api.github.com/users/almovidhussaini/events{/privacy}","received_events_url":"https://api.github.com/users/almovidhussaini/received_events","type":"User","site_admin":false,"name":null,"company":null,"blog":"","location":null,"email":null,"hireable":null,"bio":null,"twitter_username":null,"public_repos":21,"public_gists":0,"followers":0,"following":0,"created_at":"2021-11-07T18:18:09Z","updated_at":"2022-11-30T19:00:37Z","private_gists":0,"total_private_repos":1,"owned_private_repos":1,"disk_usage":62738,"collaborators":0,"two_factor_authentication":false,"plan":{"name":"free","space":976562499,"collaborators":0,"private_repos":10000}}
[info] 
[info] +  Success! Logged into GitHub as almovidhussaini 
[info] 
